[2024-06-07 15:33:50,103][__main__][INFO] - data loaded
[2024-06-07 15:33:50,126][root][INFO] - init model_type: Pytorch
[2024-06-07 15:36:59,960][root][INFO] - bulid model
[2024-06-07 15:36:59,961][root][INFO] - FL start
[2024-06-07 15:36:59,971][fedops.client.client_api][INFO] - FL_server_IP:port - ccl.gachon.ac.kr:40021
[2024-06-07 15:36:59,972][root][INFO] - FL learning ready
[2024-06-07 15:36:59,972][root][INFO] - fl_task_id: admet2
[2024-06-07 15:36:59,972][root][INFO] - dataset: carboxylic
[2024-06-07 15:36:59,972][root][INFO] - output_size: 1
[2024-06-07 15:36:59,972][root][INFO] - validation_split: 0.2
[2024-06-07 15:36:59,973][root][INFO] - model_type: Pytorch
[2024-06-07 15:36:59,973][root][INFO] - wandb_key: ce53e10675102394f9c8ac9f89c76bcbf14ea805
[2024-06-07 15:36:59,973][root][INFO] - wandb_account: z8086486
[2024-06-07 15:37:15,460][root][INFO] - label_values: [[0, 0]]
[2024-06-07 15:37:15,461][flwr][WARNING] - DEPRECATED FEATURE: flwr.client.start_numpy_client() is deprecated. 
	Instead, use `flwr.client.start_client()` by ensuring you first call the `.to_client()` method as shown below: 
	flwr.client.start_client(
		server_address='<IP>:<PORT>',
		client=FlowerClient().to_client(), # <-- where FlowerClient is of type flwr.client.NumPyClient object
	)
	Using `start_numpy_client()` is deprecated.

            This is a deprecated feature. It will be removed
            entirely in future versions of Flower.
        
[2024-06-07 15:37:15,479][flwr][DEBUG] - Opened insecure gRPC connection (no certificates were passed)
[2024-06-07 15:37:15,483][flwr][DEBUG] - ChannelConnectivity.IDLE
[2024-06-07 15:37:15,484][flwr][DEBUG] - ChannelConnectivity.CONNECTING
[2024-06-07 15:37:15,498][flwr][DEBUG] - ChannelConnectivity.READY
[2024-06-07 15:37:15,513][flwr][INFO] - 
[2024-06-07 15:37:15,513][flwr][INFO] - [RUN 0, ROUND ]
[2024-06-07 15:37:15,514][flwr][INFO] - Received: train message 835a1efb-b2c5-4a28-a47f-a0df7226aac1
[2024-06-07 15:37:15,520][flwr][ERROR] - Client raised an exception.
Traceback (most recent call last):
  File "/home/ccl/anaconda3/envs/isenv/lib/python3.11/site-packages/flwr/client/app.py", line 496, in _start_client_internal
    reply_message = client_app(message=message, context=context)
                    ^^^^^^^^^^^^^^^^^^^^^^^^^^^^^^^^^^^^^^^^^^^^
  File "/home/ccl/anaconda3/envs/isenv/lib/python3.11/site-packages/flwr/client/client_app.py", line 98, in __call__
    return self._call(message, context)
           ^^^^^^^^^^^^^^^^^^^^^^^^^^^^
  File "/home/ccl/anaconda3/envs/isenv/lib/python3.11/site-packages/flwr/client/client_app.py", line 81, in ffn
    out_message = handle_legacy_message_from_msgtype(
                  ^^^^^^^^^^^^^^^^^^^^^^^^^^^^^^^^^^^
  File "/home/ccl/anaconda3/envs/isenv/lib/python3.11/site-packages/flwr/client/message_handler/message_handler.py", line 130, in handle_legacy_message_from_msgtype
    fit_res = maybe_call_fit(
              ^^^^^^^^^^^^^^^
  File "/home/ccl/anaconda3/envs/isenv/lib/python3.11/site-packages/flwr/client/client.py", line 234, in maybe_call_fit
    return client.fit(fit_ins)
           ^^^^^^^^^^^^^^^^^^^
  File "/home/ccl/anaconda3/envs/isenv/lib/python3.11/site-packages/flwr/client/numpy_client.py", line 238, in _fit
    results = self.numpy_client.fit(parameters, ins.config)  # type: ignore
              ^^^^^^^^^^^^^^^^^^^^^^^^^^^^^^^^^^^^^^^^^^^^^
  File "/home/ccl/anaconda3/envs/isenv/lib/python3.11/site-packages/fedops/client/client_fl.py", line 135, in fit
    trained_model = self.train_torch(self.model, self.train_loader, self.val_loader, epochs)
                    ^^^^^^^^^^^^^^^^^^^^^^^^^^^^^^^^^^^^^^^^^^^^^^^^^^^^^^^^^^^^^^^^^^^^^^^^
  File "/home/ccl/Desktop/isfolder/issrc/fedops/FedOps-ADMET2/models.py", line 29, in custom_train_torch
    for epoch in range(epochs):
                 ^^^^^^^^^^^^^
TypeError: 'DataLoader' object cannot be interpreted as an integer
[2024-06-07 15:37:15,701][flwr][DEBUG] - gRPC channel closed
[2024-06-07 15:37:15,732][root][INFO] - notify_fail start
[2024-06-07 15:37:15,751][root][ERROR] - trainFin
[2024-06-07 15:38:56,818][root][INFO] - ccl-y-server;f0:2f:74:96:d6:64-client close
